Executing (default): SELECT 1+1 AS result
Conectado a la base de datos
Server is running on port 8000
Executing (default): SELECT 1+1 AS result
Conectado a la base de datos
Server is running on port 8000
Executing (default): SELECT 1+1 AS result
Conectado a la base de datos
Server is running on port 8000
Executing (default): SELECT `id`, `Fojas`, `Repertorio`, `Year`, `Nombre1`, `Nombre2`, `Materia`, `FechaEscritura`, `createdAt`, `updatedAt` FROM `MasterIndex19982023` AS `MasterIndex19982023` ORDER BY `MasterIndex19982023`.`id` DESC;
Executing (default): SELECT `id`, `Fojas`, `Repertorio`, `Year`, `Nombre1`, `Nombre2`, `Materia`, `FechaEscritura`, `createdAt`, `updatedAt` FROM `MasterIndex19982023` AS `MasterIndex19982023` ORDER BY `MasterIndex19982023`.`id` DESC;
Executing (default): SELECT `id`, `Fojas`, `Repertorio`, `Year`, `Nombre1`, `Nombre2`, `Materia`, `FechaEscritura`, `createdAt`, `updatedAt` FROM `MasterIndex19982023` AS `MasterIndex19982023` ORDER BY `MasterIndex19982023`.`id` DESC;
Executing (default): SELECT `id`, `Fojas`, `Repertorio`, `Year`, `Nombre1`, `Nombre2`, `Materia`, `FechaEscritura`, `createdAt`, `updatedAt` FROM `MasterIndex19982023` AS `MasterIndex19982023` ORDER BY `MasterIndex19982023`.`id` DESC;
Executing (default): SELECT `id`, `Fojas`, `Repertorio`, `Year`, `Nombre1`, `Nombre2`, `Materia`, `FechaEscritura`, `createdAt`, `updatedAt` FROM `MasterIndex19982023` AS `MasterIndex19982023` ORDER BY `MasterIndex19982023`.`id` DESC;
Executing (default): SELECT `id`, `Fojas`, `Repertorio`, `Year`, `Nombre1`, `Nombre2`, `Materia`, `FechaEscritura`, `createdAt`, `updatedAt` FROM `MasterIndex19982023` AS `MasterIndex19982023` ORDER BY `MasterIndex19982023`.`id` DESC;
Executing (default): SELECT `id`, `Fojas`, `Repertorio`, `Year`, `Nombre1`, `Nombre2`, `Materia`, `FechaEscritura`, `createdAt`, `updatedAt` FROM `MasterIndex19982023` AS `MasterIndex19982023` ORDER BY `MasterIndex19982023`.`id` DESC;
Executing (default): SELECT `id`, `Fojas`, `Repertorio`, `Year`, `Nombre1`, `Nombre2`, `Materia`, `FechaEscritura`, `createdAt`, `updatedAt` FROM `MasterIndex19982023` AS `MasterIndex19982023` ORDER BY `MasterIndex19982023`.`id` DESC;
Executing (default): SELECT `id`, `Fojas`, `Repertorio`, `Year`, `Nombre1`, `Nombre2`, `Materia`, `FechaEscritura`, `createdAt`, `updatedAt` FROM `MasterIndex19982023` AS `MasterIndex19982023` ORDER BY `MasterIndex19982023`.`id` DESC;
Executing (default): SELECT `id`, `Fojas`, `Repertorio`, `Year`, `Nombre1`, `Nombre2`, `Materia`, `FechaEscritura`, `createdAt`, `updatedAt` FROM `MasterIndex19982023` AS `MasterIndex19982023` ORDER BY `MasterIndex19982023`.`id` DESC;
Executing (default): SELECT 1+1 AS result
Conectado a la base de datos
Server is running on port 8000
Executing (default): SELECT `id`, `Fojas`, `Repertorio`, `Year`, `Nombre1`, `Nombre2`, `Materia`, `FechaEscritura`, `createdAt`, `updatedAt` FROM `MasterIndex19982023` AS `MasterIndex19982023` ORDER BY `MasterIndex19982023`.`id` DESC;
Executing (default): SELECT `id`, `Fojas`, `Repertorio`, `Year`, `Nombre1`, `Nombre2`, `Materia`, `FechaEscritura`, `createdAt`, `updatedAt` FROM `MasterIndex19982023` AS `MasterIndex19982023` ORDER BY `MasterIndex19982023`.`id` DESC;
Executing (default): SELECT `id`, `Fojas`, `Repertorio`, `Year`, `Nombre1`, `Nombre2`, `Materia`, `FechaEscritura`, `createdAt`, `updatedAt` FROM `MasterIndex19982023` AS `MasterIndex19982023` ORDER BY `MasterIndex19982023`.`id` DESC;
Executing (default): SELECT `id`, `Fojas`, `Repertorio`, `Year`, `Nombre1`, `Nombre2`, `Materia`, `FechaEscritura`, `createdAt`, `updatedAt` FROM `MasterIndex19982023` AS `MasterIndex19982023` ORDER BY `MasterIndex19982023`.`id` DESC;
Executing (default): SELECT `id`, `Fojas`, `Repertorio`, `Year`, `Nombre1`, `Nombre2`, `Materia`, `FechaEscritura`, `createdAt`, `updatedAt` FROM `MasterIndex19982023` AS `MasterIndex19982023` ORDER BY `MasterIndex19982023`.`id` DESC;
Ocurrió un error al conectar a la base de datos: connect ECONNREFUSED 192.168.0.180:3306
Server is running on port 8000
Executing (default): SELECT 1+1 AS result
Conectado a la base de datos
Server is running on port 8000
Executing (default): SELECT 1+1 AS result
Conectado a la base de datos
Server is running on port 8000
27-03-2024, 09:23:55
Executing (default): SELECT `id`, `Fojas`, `Repertorio`, `Year`, `Nombre1`, `Nombre2`, `Materia`, `FechaEscritura`, `createdAt`, `updatedAt` FROM `MasterIndex19982023` AS `MasterIndex19982023` ORDER BY `MasterIndex19982023`.`id` DESC;
Executing (default): SELECT `id`, `Fojas`, `Repertorio`, `Year`, `Nombre1`, `Nombre2`, `Materia`, `FechaEscritura`, `createdAt`, `updatedAt` FROM `MasterIndex19982023` AS `MasterIndex19982023` ORDER BY `MasterIndex19982023`.`id` DESC;
Executing (default): SELECT `id`, `Fojas`, `Repertorio`, `Year`, `Nombre1`, `Nombre2`, `Materia`, `FechaEscritura`, `createdAt`, `updatedAt` FROM `MasterIndex19982023` AS `MasterIndex19982023` ORDER BY `MasterIndex19982023`.`id` DESC;
Executing (default): SELECT 1+1 AS result
Conectado a la base de datos
Server is running on port 8000
01-04-2024, 11:10:51
Executing (default): SELECT `id`, `Fojas`, `Repertorio`, `Year`, `Nombre1`, `Nombre2`, `Materia`, `FechaEscritura`, `createdAt`, `updatedAt` FROM `MasterIndex19982023` AS `MasterIndex19982023` ORDER BY `MasterIndex19982023`.`id` DESC;
Executing (default): SELECT `id`, `Fojas`, `Repertorio`, `Year`, `Nombre1`, `Nombre2`, `Materia`, `FechaEscritura`, `createdAt`, `updatedAt` FROM `MasterIndex19982023` AS `MasterIndex19982023` ORDER BY `MasterIndex19982023`.`id` DESC;
Ocurrió un error al conectar a la base de datos: connect ECONNREFUSED 192.168.0.180:3306
Server is running on port 8000
02-04-2024, 09:14:56
Executing (default): SELECT `id`, `Fojas`, `Repertorio`, `Year`, `Nombre1`, `Nombre2`, `Materia`, `FechaEscritura`, `createdAt`, `updatedAt` FROM `MasterIndex19982023` AS `MasterIndex19982023` ORDER BY `MasterIndex19982023`.`id` DESC;
Executing (default): SELECT 1+1 AS result
Conectado a la base de datos
Server is running on port 8000
03-04-2024, 13:00:15
Executing (default): SELECT `id`, `Fojas`, `Repertorio`, `Year`, `Nombre1`, `Nombre2`, `Materia`, `FechaEscritura`, `createdAt`, `updatedAt` FROM `MasterIndex19982023` AS `MasterIndex19982023` ORDER BY `MasterIndex19982023`.`id` DESC;
Executing (default): SELECT 1+1 AS result
Conectado a la base de datos
Server is running on port 8000
04-04-2024, 09:43:40
Executing (default): SELECT 1+1 AS result
Conectado a la base de datos
Server is running on port 8000
04-04-2024, 09:52:53
Executing (default): SELECT `id`, `Fojas`, `Repertorio`, `Year`, `Nombre1`, `Nombre2`, `Materia`, `FechaEscritura`, `createdAt`, `updatedAt` FROM `MasterIndex19982023` AS `MasterIndex19982023` ORDER BY `MasterIndex19982023`.`id` DESC;
Executing (default): SELECT `id`, `Fojas`, `Repertorio`, `Year`, `Nombre1`, `Nombre2`, `Materia`, `FechaEscritura`, `createdAt`, `updatedAt` FROM `MasterIndex19982023` AS `MasterIndex19982023` ORDER BY `MasterIndex19982023`.`id` DESC;
Executing (default): SELECT `id`, `Fojas`, `Repertorio`, `Year`, `Nombre1`, `Nombre2`, `Materia`, `FechaEscritura`, `createdAt`, `updatedAt` FROM `MasterIndex19982023` AS `MasterIndex19982023` ORDER BY `MasterIndex19982023`.`id` DESC;
Executing (default): SELECT 1+1 AS result
Conectado a la base de datos
Server is running on port 8000
05-04-2024, 09:17:01
Executing (default): SELECT `id`, `Fojas`, `Repertorio`, `Year`, `Nombre1`, `Nombre2`, `Materia`, `FechaEscritura`, `createdAt`, `updatedAt` FROM `MasterIndex19982023` AS `MasterIndex19982023` ORDER BY `MasterIndex19982023`.`id` DESC;
Executing (default): SELECT 1+1 AS result
Conectado a la base de datos
Server is running on port 8000
08-04-2024, 09:17:00
Executing (default): SELECT 1+1 AS result
Conectado a la base de datos
Server is running on port 8000
09-04-2024, 13:32:55
Executing (default): SELECT 1+1 AS result
Conectado a la base de datos
Server is running on port 8000
11-04-2024, 09:09:53
Executing (default): SELECT `id`, `Fojas`, `Repertorio`, `Year`, `Nombre1`, `Nombre2`, `Materia`, `FechaEscritura`, `createdAt`, `updatedAt` FROM `MasterIndex19982023` AS `MasterIndex19982023` ORDER BY `MasterIndex19982023`.`id` DESC;
Executing (default): SELECT `id`, `Fojas`, `Repertorio`, `Year`, `Nombre1`, `Nombre2`, `Materia`, `FechaEscritura`, `createdAt`, `updatedAt` FROM `MasterIndex19982023` AS `MasterIndex19982023` ORDER BY `MasterIndex19982023`.`id` DESC;
Executing (default): SELECT 1+1 AS result
Conectado a la base de datos
Server is running on port 8000
11-04-2024, 13:41:54
Executing (default): SELECT `id`, `Fojas`, `Repertorio`, `Year`, `Nombre1`, `Nombre2`, `Materia`, `FechaEscritura`, `createdAt`, `updatedAt` FROM `MasterIndex19982023` AS `MasterIndex19982023` ORDER BY `MasterIndex19982023`.`id` DESC;
